2018-08-13 17:55:13,709 [main] INFO LinkedinTest1 - Click on Login link!!
2018-08-13 17:55:14,590 [main] INFO LinkedinTest1 - Enter the email id
2018-08-13 17:55:14,880 [main] INFO LinkedinTest1 - Enter the password
2018-08-13 17:55:23,730 [main] INFO LinkedinTest1 - Click on submit button
2018-08-13 17:55:23,730 [main] INFO EuroStarTest1 - Launched Euro Star Application!!
2018-08-13 17:55:23,730 [main] INFO EuroStarTest1 - Expected Title: EuroSTAR Huddle - Online Software Testing Community!!
2018-08-13 17:55:23,736 [main] INFO EuroStarTest1 - Actual Title: EuroSTAR Huddle - Online Software Testing Community
2018-08-13 17:55:24,316 [main] ERROR EuroStarTest1 - Error screshot location: C:\MyWorkspace\E2EAutoJenkins//Test-ScreenShots//webTitle_2018_08_13 761.png
2018-08-13 17:55:24,471 [main] INFO EuroStarTest1 - Close the browser!!
2018-08-13 18:10:00,391 [main] INFO LinkedinTest1 - Click on Login link!!
2018-08-13 18:10:00,685 [main] INFO LinkedinTest1 - Enter the email id
2018-08-13 18:10:00,795 [main] INFO LinkedinTest1 - Enter the password
2018-08-13 18:10:13,276 [main] INFO LinkedinTest1 - Click on submit button
2018-08-13 18:10:13,276 [main] INFO EuroStarTest1 - Launched Euro Star Application!!
2018-08-13 18:10:13,278 [main] INFO EuroStarTest1 - Expected Title: EuroSTAR Huddle - Online Software Testing Community!!
2018-08-13 18:10:13,299 [main] INFO EuroStarTest1 - Actual Title: EuroSTAR Huddle - Online Software Testing Community
2018-08-13 18:10:13,899 [main] ERROR EuroStarTest1 - Error screshot location: C:\MyWorkspace\E2EAutoJenkins//Test-ScreenShots//webTitle_2018_08_13 327.png
2018-08-13 18:10:27,630 [main] INFO EuroStarTest1 - Close the browser!!
2018-08-13 18:13:32,060 [main] INFO LinkedinTest1 - Click on Login link!!
2018-08-13 18:13:32,481 [main] INFO LinkedinTest1 - Enter the email id
2018-08-13 18:13:32,696 [main] INFO LinkedinTest1 - Enter the password
2018-08-13 18:13:42,024 [main] INFO LinkedinTest1 - Click on submit button
2018-08-13 18:13:42,024 [main] INFO EuroStarTest1 - Launched Euro Star Application!!
2018-08-13 18:13:42,027 [main] INFO EuroStarTest1 - Expected Title: EuroSTAR Huddle - Online Software Testing Community!!
2018-08-13 18:13:42,043 [main] INFO EuroStarTest1 - Actual Title: EuroSTAR Huddle - Online Software Testing Community
2018-08-13 18:13:42,615 [main] ERROR EuroStarTest1 - Error screshot location: C:\MyWorkspace\E2EAutoJenkins//Test-ScreenShots//webTitle_2018_08_13 070.png
2018-08-13 18:13:42,681 [main] INFO EuroStarTest1 - Close the browser!!
2018-08-13 18:14:45,945 [main] INFO LinkedinTest1 - Click on Login link!!
2018-08-13 18:14:46,372 [main] INFO LinkedinTest1 - Enter the email id
2018-08-13 18:14:46,622 [main] INFO LinkedinTest1 - Enter the password
2018-08-13 18:14:55,460 [main] INFO LinkedinTest1 - Click on submit button
2018-08-13 18:14:55,973 [main] ERROR EuroStarTest1 - Error screshot location: C:\MyWorkspace\E2EAutoJenkins//Test-ScreenShots//webTitle_2018_08_13 508.png
2018-08-13 18:15:06,575 [main] ERROR EuroStarTest1 - Error screshot location: C:\MyWorkspace\E2EAutoJenkins//Test-ScreenShots//webTitle_2018_08_13 112.png
2018-08-13 18:15:17,158 [main] ERROR EuroStarTest1 - Error screshot location: C:\MyWorkspace\E2EAutoJenkins//Test-ScreenShots//webTitle_2018_08_13 631.png
2018-08-13 18:15:27,596 [main] ERROR EuroStarTest1 - Error screshot location: C:\MyWorkspace\E2EAutoJenkins//Test-ScreenShots//webTitle_2018_08_13 196.png
2018-08-13 18:15:38,146 [main] ERROR EuroStarTest1 - Error screshot location: C:\MyWorkspace\E2EAutoJenkins//Test-ScreenShots//webTitle_2018_08_13 673.png
2018-08-13 18:20:48,998 [main] INFO LinkedinTest1 - Click on Login link!!
2018-08-13 18:20:49,365 [main] INFO LinkedinTest1 - Enter the email id
2018-08-13 18:20:49,510 [main] INFO LinkedinTest1 - Enter the password
2018-08-13 18:20:57,460 [main] INFO LinkedinTest1 - Click on submit button
2018-08-13 18:20:57,462 [main] INFO EuroStarTest1 - Launched Euro Star Application
2018-08-13 18:20:57,988 [main] INFO EuroStarTest1 - Result Pass!!
2018-08-13 18:21:00,313 [main] INFO EuroStarTest1 - Close the browser!!
2018-08-20 18:31:32,971 [main] INFO LinkedinTest1 - Click on Login link!!
2018-08-20 18:31:33,365 [main] INFO LinkedinTest1 - Enter the email id
2018-08-20 18:31:33,522 [main] INFO LinkedinTest1 - Enter the password
2018-08-20 18:31:41,559 [main] INFO LinkedinTest1 - Click on submit button
2018-08-20 18:31:41,560 [main] INFO EuroStarTest1 - Launched Euro Star Application
2018-08-20 18:31:41,688 [main] ERROR EuroStarTest1 - org.openqa.selenium.NoSuchWindowException: no such window: target window already closed
from unknown error: web view not found
  (Session info: chrome=68.0.3440.106)
  (Driver info: chromedriver=2.41.578737 (49da6702b16031c40d63e5618de03a32ff6c197e),platform=Windows NT 6.1.7601 SP1 x86_64) (WARNING: The server did not provide any stacktrace information)
Command duration or timeout: 0 milliseconds
Build info: version: '3.14.0', revision: 'aacccce0', time: '2018-08-02T20:19:58.91Z'
System info: host: 'U6016926-TPL-A', ip: '10.30.192.252', os.name: 'Windows 7', os.arch: 'amd64', os.version: '6.1', java.version: '1.8.0_144'
Driver info: org.openqa.selenium.chrome.ChromeDriver
Capabilities {acceptInsecureCerts: false, acceptSslCerts: false, applicationCacheEnabled: false, browserConnectionEnabled: false, browserName: chrome, chrome: {chromedriverVersion: 2.41.578737 (49da6702b16031..., userDataDir: C:\Users\u6016926\AppData\L...}, cssSelectorsEnabled: true, databaseEnabled: false, goog:chromeOptions: {debuggerAddress: localhost:50627}, handlesAlerts: true, hasTouchScreen: false, javascriptEnabled: true, locationContextEnabled: true, mobileEmulationEnabled: false, nativeEvents: true, networkConnectionEnabled: false, pageLoadStrategy: normal, platform: XP, platformName: XP, rotatable: false, setWindowRect: true, takesHeapSnapshot: true, takesScreenshot: true, unexpectedAlertBehaviour: , unhandledPromptBehavior: , version: 68.0.3440.106, webStorageEnabled: true}
Session ID: 5cebc8c5599881b3aecd96d2d236adc0
*** Element info: {Using=xpath, value=//li[@class='btn_login']/a[contains(text(),'Login')]}
2018-08-20 18:31:41,689 [main] INFO EuroStarTest1 - Expected Title: EuroSTAR Huddle - Online Software Testing Community!!
2018-08-20 18:43:30,451 [main] INFO LinkedinTest1 - Click on Login link!!
2018-08-20 18:43:30,754 [main] INFO LinkedinTest1 - Enter the email id
2018-08-20 18:43:30,891 [main] INFO LinkedinTest1 - Enter the password
2018-08-20 18:43:38,532 [main] INFO LinkedinTest1 - Click on submit button
2018-08-20 18:43:38,532 [main] INFO EuroStarTest1 - Launched Euro Star Application
2018-08-20 18:43:39,058 [main] INFO EuroStarTest1 - Result Pass!!
2018-08-20 18:44:10,079 [main] ERROR EuroStarTest1 - org.openqa.selenium.NoSuchElementException: no such element: Unable to locate element: {"method":"xpath","selector":"//li[@class='btn_login']/a[contains(text(),'Login')]"}
  (Session info: chrome=68.0.3440.106)
  (Driver info: chromedriver=2.41.578737 (49da6702b16031c40d63e5618de03a32ff6c197e),platform=Windows NT 6.1.7601 SP1 x86_64) (WARNING: The server did not provide any stacktrace information)
Command duration or timeout: 0 milliseconds
For documentation on this error, please visit: http://seleniumhq.org/exceptions/no_such_element.html
Build info: version: '3.14.0', revision: 'aacccce0', time: '2018-08-02T20:19:58.91Z'
System info: host: 'U6016926-TPL-A', ip: '10.30.192.252', os.name: 'Windows 7', os.arch: 'amd64', os.version: '6.1', java.version: '1.8.0_144'
Driver info: org.openqa.selenium.chrome.ChromeDriver
Capabilities {acceptInsecureCerts: false, acceptSslCerts: false, applicationCacheEnabled: false, browserConnectionEnabled: false, browserName: chrome, chrome: {chromedriverVersion: 2.41.578737 (49da6702b16031..., userDataDir: C:\Users\u6016926\AppData\L...}, cssSelectorsEnabled: true, databaseEnabled: false, goog:chromeOptions: {debuggerAddress: localhost:64425}, handlesAlerts: true, hasTouchScreen: false, javascriptEnabled: true, locationContextEnabled: true, mobileEmulationEnabled: false, nativeEvents: true, networkConnectionEnabled: false, pageLoadStrategy: normal, platform: XP, platformName: XP, rotatable: false, setWindowRect: true, takesHeapSnapshot: true, takesScreenshot: true, unexpectedAlertBehaviour: , unhandledPromptBehavior: , version: 68.0.3440.106, webStorageEnabled: true}
Session ID: c1155953ce274146f557c0035aef8794
*** Element info: {Using=xpath, value=//li[@class='btn_login']/a[contains(text(),'Login')]}
2018-08-20 18:44:10,079 [main] INFO EuroStarTest1 - Expected Title: EuroSTAR Huddle - Online Software Testing Community!!
2018-08-20 18:44:10,100 [main] INFO EuroStarTest1 - Actual Title: EuroSTAR Huddle - Online Software Testing Community
2018-08-20 18:44:23,928 [main] INFO EuroStarTest1 - Close the browser!!
2018-08-20 18:45:53,226 [main] INFO LinkedinTest1 - Click on Login link!!
2018-08-20 18:45:53,827 [main] INFO LinkedinTest1 - Enter the email id
2018-08-20 18:45:54,115 [main] INFO LinkedinTest1 - Enter the password
2018-08-20 18:46:01,866 [main] INFO LinkedinTest1 - Click on submit button
2018-08-20 18:46:01,868 [main] INFO EuroStarTest1 - Launched Euro Star Application
2018-08-20 18:46:01,868 [main] INFO EuroStarTest1 - Expected Title: EuroSTAR Huddle - Online Software Testing Community!!
2018-08-20 18:46:01,887 [main] INFO EuroStarTest1 - Actual Title: EuroSTAR Huddle - Online Software Testing Community
2018-08-20 18:46:02,599 [main] ERROR EuroStarTest1 - Error screshot location: C:\Users\u6016926\git\E2EJenkins\E2EAutoJenkins//Test-ScreenShots//webTitle_2018_08_20 942.png
2018-08-20 18:46:04,659 [main] INFO EuroStarTest1 - Close the browser!!
2018-08-20 18:46:49,582 [main] INFO LinkedinTest1 - Click on Login link!!
2018-08-20 18:46:49,927 [main] INFO LinkedinTest1 - Enter the email id
2018-08-20 18:46:50,064 [main] INFO LinkedinTest1 - Enter the password
2018-08-20 18:46:56,655 [main] INFO LinkedinTest1 - Click on submit button
2018-08-20 18:46:57,143 [main] INFO EuroStarTest1 - Result Pass!!
2018-08-20 18:47:07,840 [main] ERROR EuroStarTest1 - Error screshot location: C:\Users\u6016926\git\E2EJenkins\E2EAutoJenkins//Test-ScreenShots//webTitle_2018_08_20 242.png
2018-08-20 18:47:18,395 [main] ERROR EuroStarTest1 - Error screshot location: C:\Users\u6016926\git\E2EJenkins\E2EAutoJenkins//Test-ScreenShots//webTitle_2018_08_20 910.png
2018-08-20 18:47:28,993 [main] ERROR EuroStarTest1 - Error screshot location: C:\Users\u6016926\git\E2EJenkins\E2EAutoJenkins//Test-ScreenShots//webTitle_2018_08_20 435.png
2018-08-20 18:47:39,466 [main] ERROR EuroStarTest1 - Error screshot location: C:\Users\u6016926\git\E2EJenkins\E2EAutoJenkins//Test-ScreenShots//webTitle_2018_08_20 056.png
